<?xml version="1.0" encoding="UTF-8"?>
<testng-results ignored="0" total="1" passed="1" failed="0" skipped="0">
  <reporter-output>
  </reporter-output>
  <suite started-at="2026-02-25T15:03:28 IST" name="Surefire suite" finished-at="2026-02-25T15:03:33 IST" duration-ms="5337">
    <groups>
    </groups>
    <test started-at="2026-02-25T15:03:28 IST" name="Surefire test" finished-at="2026-02-25T15:03:33 IST" duration-ms="5337">
      <class name="SampleTest">
        <test-method signature="launchGoogle()[pri:0, instance:SampleTest@345965f2]" started-at="2026-02-25T15:03:28 IST" name="launchGoogle" finished-at="2026-02-25T15:03:33 IST" duration-ms="5323" status="PASS">
          <reporter-output>
          </reporter-output>
        </test-method> <!-- launchGoogle -->
      </class> <!-- SampleTest -->
    </test> <!-- Surefire test -->
  </suite> <!-- Surefire suite -->
</testng-results>
